CRITICAL - 2021-06-02 04:46:39 --> Cannot declare class App\Controllers\Visualisasi\Ekonomi, because the name is already in use
#0 [internal function]: CodeIgniter\Debug\Exceptions->shutdownHandler()
#1 {main}
CRITICAL - 2021-06-02 06:01:21 --> syntax error, unexpected '<'
#0 C:\xampp\htdocs\visualisasi-data\vendor\codeigniter4\framework\system\View\View.php(232): CodeIgniter\View\View->CodeIgniter\View\{closure}()
#1 C:\xampp\htdocs\visualisasi-data\vendor\codeigniter4\framework\system\Common.php(1250): CodeIgniter\View\View->render('template/sideba...', Array, true)
#2 C:\xampp\htdocs\visualisasi-data\app\Controllers\Home.php(15): view('template/sideba...')
#3 C:\xampp\htdocs\visualisasi-data\vendor\codeigniter4\framework\system\CodeIgniter.php(931): App\Controllers\Home->index()
#4 C:\xampp\htdocs\visualisasi-data\vendor\codeigniter4\framework\system\CodeIgniter.php(439): CodeIgniter\CodeIgniter->runController(Object(App\Controllers\Home))
#5 C:\xampp\htdocs\visualisasi-data\vendor\codeigniter4\framework\system\CodeIgniter.php(339): CodeIgniter\CodeIgniter->handleRequest(NULL, Object(Config\Cache), false)
#6 C:\xampp\htdocs\visualisasi-data\public\index.php(36): CodeIgniter\CodeIgniter->run()
#7 C:\xampp\htdocs\visualisasi-data\vendor\codeigniter4\framework\system\Commands\Server\rewrite.php(45): require_once('C:\\xampp\\htdocs...')
#8 {main}
CRITICAL - 2021-06-02 06:06:18 --> Undefined property: CodeIgniter\View\View::$uri
#0 C:\xampp\htdocs\visualisasi-data\app\Views\template\sidebar.php(24): CodeIgniter\Debug\Exceptions->errorHandler(8, 'Undefined prope...', 'C:\\xampp\\htdocs...', 24, Array)
#1 C:\xampp\htdocs\visualisasi-data\vendor\codeigniter4\framework\system\View\View.php(230): include('C:\\xampp\\htdocs...')
#2 C:\xampp\htdocs\visualisasi-data\vendor\codeigniter4\framework\system\View\View.php(232): CodeIgniter\View\View->CodeIgniter\View\{closure}()
#3 C:\xampp\htdocs\visualisasi-data\vendor\codeigniter4\framework\system\Common.php(1250): CodeIgniter\View\View->render('template/sideba...', Array, true)
#4 C:\xampp\htdocs\visualisasi-data\app\Controllers\Home.php(15): view('template/sideba...')
#5 C:\xampp\htdocs\visualisasi-data\vendor\codeigniter4\framework\system\CodeIgniter.php(931): App\Controllers\Home->index()
#6 C:\xampp\htdocs\visualisasi-data\vendor\codeigniter4\framework\system\CodeIgniter.php(439): CodeIgniter\CodeIgniter->runController(Object(App\Controllers\Home))
#7 C:\xampp\htdocs\visualisasi-data\vendor\codeigniter4\framework\system\CodeIgniter.php(339): CodeIgniter\CodeIgniter->handleRequest(NULL, Object(Config\Cache), false)
#8 C:\xampp\htdocs\visualisasi-data\public\index.php(36): CodeIgniter\CodeIgniter->run()
#9 C:\xampp\htdocs\visualisasi-data\vendor\codeigniter4\framework\system\Commands\Server\rewrite.php(45): require_once('C:\\xampp\\htdocs...')
#10 {main}
CRITICAL - 2021-06-02 06:33:34 --> Undefined property: CodeIgniter\View\View::$uri
#0 C:\xampp\htdocs\visualisasi-data\app\Views\template\sidebar.php(24): CodeIgniter\Debug\Exceptions->errorHandler(8, 'Undefined prope...', 'C:\\xampp\\htdocs...', 24, Array)
#1 C:\xampp\htdocs\visualisasi-data\vendor\codeigniter4\framework\system\View\View.php(230): include('C:\\xampp\\htdocs...')
#2 C:\xampp\htdocs\visualisasi-data\vendor\codeigniter4\framework\system\View\View.php(232): CodeIgniter\View\View->CodeIgniter\View\{closure}()
#3 C:\xampp\htdocs\visualisasi-data\vendor\codeigniter4\framework\system\Common.php(1250): CodeIgniter\View\View->render('template/sideba...', Array, true)
#4 C:\xampp\htdocs\visualisasi-data\app\Controllers\Home.php(15): view('template/sideba...')
#5 C:\xampp\htdocs\visualisasi-data\vendor\codeigniter4\framework\system\CodeIgniter.php(931): App\Controllers\Home->index()
#6 C:\xampp\htdocs\visualisasi-data\vendor\codeigniter4\framework\system\CodeIgniter.php(439): CodeIgniter\CodeIgniter->runController(Object(App\Controllers\Home))
#7 C:\xampp\htdocs\visualisasi-data\vendor\codeigniter4\framework\system\CodeIgniter.php(339): CodeIgniter\CodeIgniter->handleRequest(NULL, Object(Config\Cache), false)
#8 C:\xampp\htdocs\visualisasi-data\public\index.php(36): CodeIgniter\CodeIgniter->run()
#9 C:\xampp\htdocs\visualisasi-data\vendor\codeigniter4\framework\system\Commands\Server\rewrite.php(45): require_once('C:\\xampp\\htdocs...')
#10 {main}
CRITICAL - 2021-06-02 06:35:08 --> Undefined property: CodeIgniter\View\View::$baseURL
#0 C:\xampp\htdocs\visualisasi-data\app\Views\template\sidebar.php(24): CodeIgniter\Debug\Exceptions->errorHandler(8, 'Undefined prope...', 'C:\\xampp\\htdocs...', 24, Array)
#1 C:\xampp\htdocs\visualisasi-data\vendor\codeigniter4\framework\system\View\View.php(230): include('C:\\xampp\\htdocs...')
#2 C:\xampp\htdocs\visualisasi-data\vendor\codeigniter4\framework\system\View\View.php(232): CodeIgniter\View\View->CodeIgniter\View\{closure}()
#3 C:\xampp\htdocs\visualisasi-data\vendor\codeigniter4\framework\system\Common.php(1250): CodeIgniter\View\View->render('template/sideba...', Array, true)
#4 C:\xampp\htdocs\visualisasi-data\app\Controllers\Home.php(15): view('template/sideba...')
#5 C:\xampp\htdocs\visualisasi-data\vendor\codeigniter4\framework\system\CodeIgniter.php(931): App\Controllers\Home->index()
#6 C:\xampp\htdocs\visualisasi-data\vendor\codeigniter4\framework\system\CodeIgniter.php(439): CodeIgniter\CodeIgniter->runController(Object(App\Controllers\Home))
#7 C:\xampp\htdocs\visualisasi-data\vendor\codeigniter4\framework\system\CodeIgniter.php(339): CodeIgniter\CodeIgniter->handleRequest(NULL, Object(Config\Cache), false)
#8 C:\xampp\htdocs\visualisasi-data\public\index.php(36): CodeIgniter\CodeIgniter->run()
#9 C:\xampp\htdocs\visualisasi-data\vendor\codeigniter4\framework\system\Commands\Server\rewrite.php(45): require_once('C:\\xampp\\htdocs...')
#10 {main}
CRITICAL - 2021-06-02 06:38:14 --> Undefined property: CodeIgniter\View\View::$uri
#0 C:\xampp\htdocs\visualisasi-data\app\Views\template\sidebar.php(25): CodeIgniter\Debug\Exceptions->errorHandler(8, 'Undefined prope...', 'C:\\xampp\\htdocs...', 25, Array)
#1 C:\xampp\htdocs\visualisasi-data\vendor\codeigniter4\framework\system\View\View.php(230): include('C:\\xampp\\htdocs...')
#2 C:\xampp\htdocs\visualisasi-data\vendor\codeigniter4\framework\system\View\View.php(232): CodeIgniter\View\View->CodeIgniter\View\{closure}()
#3 C:\xampp\htdocs\visualisasi-data\vendor\codeigniter4\framework\system\Common.php(1250): CodeIgniter\View\View->render('template/sideba...', Array, true)
#4 C:\xampp\htdocs\visualisasi-data\app\Controllers\Home.php(15): view('template/sideba...')
#5 C:\xampp\htdocs\visualisasi-data\vendor\codeigniter4\framework\system\CodeIgniter.php(931): App\Controllers\Home->index()
#6 C:\xampp\htdocs\visualisasi-data\vendor\codeigniter4\framework\system\CodeIgniter.php(439): CodeIgniter\CodeIgniter->runController(Object(App\Controllers\Home))
#7 C:\xampp\htdocs\visualisasi-data\vendor\codeigniter4\framework\system\CodeIgniter.php(339): CodeIgniter\CodeIgniter->handleRequest(NULL, Object(Config\Cache), false)
#8 C:\xampp\htdocs\visualisasi-data\public\index.php(36): CodeIgniter\CodeIgniter->run()
#9 C:\xampp\htdocs\visualisasi-data\vendor\codeigniter4\framework\system\Commands\Server\rewrite.php(45): require_once('C:\\xampp\\htdocs...')
#10 {main}
