CRITICAL - 2021-05-28 14:58:27 --> Undefined variable: base_url
#0 C:\xampp\htdocs\visualisasi-data\app\Views\template\header.php(10): CodeIgniter\Debug\Exceptions->errorHandler(8, 'Undefined varia...', 'C:\\xampp\\htdocs...', 10, Array)
#1 C:\xampp\htdocs\visualisasi-data\vendor\codeigniter4\framework\system\View\View.php(230): include('C:\\xampp\\htdocs...')
#2 C:\xampp\htdocs\visualisasi-data\vendor\codeigniter4\framework\system\View\View.php(232): CodeIgniter\View\View->CodeIgniter\View\{closure}()
#3 C:\xampp\htdocs\visualisasi-data\vendor\codeigniter4\framework\system\Common.php(1250): CodeIgniter\View\View->render('template/header', Array, true)
#4 C:\xampp\htdocs\visualisasi-data\app\Controllers\Home.php(9): view('template/header')
#5 C:\xampp\htdocs\visualisasi-data\vendor\codeigniter4\framework\system\CodeIgniter.php(931): App\Controllers\Home->index()
#6 C:\xampp\htdocs\visualisasi-data\vendor\codeigniter4\framework\system\CodeIgniter.php(439): CodeIgniter\CodeIgniter->runController(Object(App\Controllers\Home))
#7 C:\xampp\htdocs\visualisasi-data\vendor\codeigniter4\framework\system\CodeIgniter.php(339): CodeIgniter\CodeIgniter->handleRequest(NULL, Object(Config\Cache), false)
#8 C:\xampp\htdocs\visualisasi-data\public\index.php(36): CodeIgniter\CodeIgniter->run()
#9 C:\xampp\htdocs\visualisasi-data\vendor\codeigniter4\framework\system\Commands\Server\rewrite.php(45): require_once('C:\\xampp\\htdocs...')
#10 {main}
CRITICAL - 2021-05-28 15:01:53 --> Undefined variable: base_url
#0 C:\xampp\htdocs\visualisasi-data\app\Views\template\header.php(10): CodeIgniter\Debug\Exceptions->errorHandler(8, 'Undefined varia...', 'C:\\xampp\\htdocs...', 10, Array)
#1 C:\xampp\htdocs\visualisasi-data\vendor\codeigniter4\framework\system\View\View.php(230): include('C:\\xampp\\htdocs...')
#2 C:\xampp\htdocs\visualisasi-data\vendor\codeigniter4\framework\system\View\View.php(232): CodeIgniter\View\View->CodeIgniter\View\{closure}()
#3 C:\xampp\htdocs\visualisasi-data\vendor\codeigniter4\framework\system\Common.php(1250): CodeIgniter\View\View->render('template/header', Array, true)
#4 C:\xampp\htdocs\visualisasi-data\app\Controllers\Home.php(9): view('template/header')
#5 C:\xampp\htdocs\visualisasi-data\vendor\codeigniter4\framework\system\CodeIgniter.php(931): App\Controllers\Home->index()
#6 C:\xampp\htdocs\visualisasi-data\vendor\codeigniter4\framework\system\CodeIgniter.php(439): CodeIgniter\CodeIgniter->runController(Object(App\Controllers\Home))
#7 C:\xampp\htdocs\visualisasi-data\vendor\codeigniter4\framework\system\CodeIgniter.php(339): CodeIgniter\CodeIgniter->handleRequest(NULL, Object(Config\Cache), false)
#8 C:\xampp\htdocs\visualisasi-data\public\index.php(36): CodeIgniter\CodeIgniter->run()
#9 C:\xampp\htdocs\visualisasi-data\vendor\codeigniter4\framework\system\Commands\Server\rewrite.php(45): require_once('C:\\xampp\\htdocs...')
#10 {main}
CRITICAL - 2021-05-28 15:01:56 --> Undefined variable: base_url
#0 C:\xampp\htdocs\visualisasi-data\app\Views\template\header.php(10): CodeIgniter\Debug\Exceptions->errorHandler(8, 'Undefined varia...', 'C:\\xampp\\htdocs...', 10, Array)
#1 C:\xampp\htdocs\visualisasi-data\vendor\codeigniter4\framework\system\View\View.php(230): include('C:\\xampp\\htdocs...')
#2 C:\xampp\htdocs\visualisasi-data\vendor\codeigniter4\framework\system\View\View.php(232): CodeIgniter\View\View->CodeIgniter\View\{closure}()
#3 C:\xampp\htdocs\visualisasi-data\vendor\codeigniter4\framework\system\Common.php(1250): CodeIgniter\View\View->render('template/header', Array, true)
#4 C:\xampp\htdocs\visualisasi-data\app\Controllers\Home.php(9): view('template/header')
#5 C:\xampp\htdocs\visualisasi-data\vendor\codeigniter4\framework\system\CodeIgniter.php(931): App\Controllers\Home->index()
#6 C:\xampp\htdocs\visualisasi-data\vendor\codeigniter4\framework\system\CodeIgniter.php(439): CodeIgniter\CodeIgniter->runController(Object(App\Controllers\Home))
#7 C:\xampp\htdocs\visualisasi-data\vendor\codeigniter4\framework\system\CodeIgniter.php(339): CodeIgniter\CodeIgniter->handleRequest(NULL, Object(Config\Cache), false)
#8 C:\xampp\htdocs\visualisasi-data\public\index.php(36): CodeIgniter\CodeIgniter->run()
#9 C:\xampp\htdocs\visualisasi-data\vendor\codeigniter4\framework\system\Commands\Server\rewrite.php(45): require_once('C:\\xampp\\htdocs...')
#10 {main}
CRITICAL - 2021-05-28 15:01:57 --> Undefined variable: base_url
#0 C:\xampp\htdocs\visualisasi-data\app\Views\template\header.php(10): CodeIgniter\Debug\Exceptions->errorHandler(8, 'Undefined varia...', 'C:\\xampp\\htdocs...', 10, Array)
#1 C:\xampp\htdocs\visualisasi-data\vendor\codeigniter4\framework\system\View\View.php(230): include('C:\\xampp\\htdocs...')
#2 C:\xampp\htdocs\visualisasi-data\vendor\codeigniter4\framework\system\View\View.php(232): CodeIgniter\View\View->CodeIgniter\View\{closure}()
#3 C:\xampp\htdocs\visualisasi-data\vendor\codeigniter4\framework\system\Common.php(1250): CodeIgniter\View\View->render('template/header', Array, true)
#4 C:\xampp\htdocs\visualisasi-data\app\Controllers\Home.php(9): view('template/header')
#5 C:\xampp\htdocs\visualisasi-data\vendor\codeigniter4\framework\system\CodeIgniter.php(931): App\Controllers\Home->index()
#6 C:\xampp\htdocs\visualisasi-data\vendor\codeigniter4\framework\system\CodeIgniter.php(439): CodeIgniter\CodeIgniter->runController(Object(App\Controllers\Home))
#7 C:\xampp\htdocs\visualisasi-data\vendor\codeigniter4\framework\system\CodeIgniter.php(339): CodeIgniter\CodeIgniter->handleRequest(NULL, Object(Config\Cache), false)
#8 C:\xampp\htdocs\visualisasi-data\public\index.php(36): CodeIgniter\CodeIgniter->run()
#9 C:\xampp\htdocs\visualisasi-data\vendor\codeigniter4\framework\system\Commands\Server\rewrite.php(45): require_once('C:\\xampp\\htdocs...')
#10 {main}
CRITICAL - 2021-05-28 15:05:29 --> Undefined variable: base_url
#0 C:\xampp\htdocs\visualisasi-data\app\Views\template\header.php(10): CodeIgniter\Debug\Exceptions->errorHandler(8, 'Undefined varia...', 'C:\\xampp\\htdocs...', 10, Array)
#1 C:\xampp\htdocs\visualisasi-data\vendor\codeigniter4\framework\system\View\View.php(230): include('C:\\xampp\\htdocs...')
#2 C:\xampp\htdocs\visualisasi-data\vendor\codeigniter4\framework\system\View\View.php(232): CodeIgniter\View\View->CodeIgniter\View\{closure}()
#3 C:\xampp\htdocs\visualisasi-data\vendor\codeigniter4\framework\system\Common.php(1250): CodeIgniter\View\View->render('template/header', Array, true)
#4 C:\xampp\htdocs\visualisasi-data\app\Controllers\Home.php(9): view('template/header')
#5 C:\xampp\htdocs\visualisasi-data\vendor\codeigniter4\framework\system\CodeIgniter.php(931): App\Controllers\Home->index()
#6 C:\xampp\htdocs\visualisasi-data\vendor\codeigniter4\framework\system\CodeIgniter.php(439): CodeIgniter\CodeIgniter->runController(Object(App\Controllers\Home))
#7 C:\xampp\htdocs\visualisasi-data\vendor\codeigniter4\framework\system\CodeIgniter.php(339): CodeIgniter\CodeIgniter->handleRequest(NULL, Object(Config\Cache), false)
#8 C:\xampp\htdocs\visualisasi-data\public\index.php(36): CodeIgniter\CodeIgniter->run()
#9 C:\xampp\htdocs\visualisasi-data\vendor\codeigniter4\framework\system\Commands\Server\rewrite.php(45): require_once('C:\\xampp\\htdocs...')
#10 {main}
CRITICAL - 2021-05-28 15:06:15 --> Undefined variable: base_url
#0 C:\xampp\htdocs\visualisasi-data\app\Views\template\header.php(10): CodeIgniter\Debug\Exceptions->errorHandler(8, 'Undefined varia...', 'C:\\xampp\\htdocs...', 10, Array)
#1 C:\xampp\htdocs\visualisasi-data\vendor\codeigniter4\framework\system\View\View.php(230): include('C:\\xampp\\htdocs...')
#2 C:\xampp\htdocs\visualisasi-data\vendor\codeigniter4\framework\system\View\View.php(232): CodeIgniter\View\View->CodeIgniter\View\{closure}()
#3 C:\xampp\htdocs\visualisasi-data\vendor\codeigniter4\framework\system\Common.php(1250): CodeIgniter\View\View->render('template/header', Array, true)
#4 C:\xampp\htdocs\visualisasi-data\app\Controllers\Home.php(9): view('template/header')
#5 C:\xampp\htdocs\visualisasi-data\vendor\codeigniter4\framework\system\CodeIgniter.php(931): App\Controllers\Home->index()
#6 C:\xampp\htdocs\visualisasi-data\vendor\codeigniter4\framework\system\CodeIgniter.php(439): CodeIgniter\CodeIgniter->runController(Object(App\Controllers\Home))
#7 C:\xampp\htdocs\visualisasi-data\vendor\codeigniter4\framework\system\CodeIgniter.php(339): CodeIgniter\CodeIgniter->handleRequest(NULL, Object(Config\Cache), false)
#8 C:\xampp\htdocs\visualisasi-data\public\index.php(36): CodeIgniter\CodeIgniter->run()
#9 C:\xampp\htdocs\visualisasi-data\vendor\codeigniter4\framework\system\Commands\Server\rewrite.php(45): require_once('C:\\xampp\\htdocs...')
#10 {main}
CRITICAL - 2021-05-28 15:06:17 --> Undefined variable: base_url
#0 C:\xampp\htdocs\visualisasi-data\app\Views\template\header.php(10): CodeIgniter\Debug\Exceptions->errorHandler(8, 'Undefined varia...', 'C:\\xampp\\htdocs...', 10, Array)
#1 C:\xampp\htdocs\visualisasi-data\vendor\codeigniter4\framework\system\View\View.php(230): include('C:\\xampp\\htdocs...')
#2 C:\xampp\htdocs\visualisasi-data\vendor\codeigniter4\framework\system\View\View.php(232): CodeIgniter\View\View->CodeIgniter\View\{closure}()
#3 C:\xampp\htdocs\visualisasi-data\vendor\codeigniter4\framework\system\Common.php(1250): CodeIgniter\View\View->render('template/header', Array, true)
#4 C:\xampp\htdocs\visualisasi-data\app\Controllers\Home.php(9): view('template/header')
#5 C:\xampp\htdocs\visualisasi-data\vendor\codeigniter4\framework\system\CodeIgniter.php(931): App\Controllers\Home->index()
#6 C:\xampp\htdocs\visualisasi-data\vendor\codeigniter4\framework\system\CodeIgniter.php(439): CodeIgniter\CodeIgniter->runController(Object(App\Controllers\Home))
#7 C:\xampp\htdocs\visualisasi-data\vendor\codeigniter4\framework\system\CodeIgniter.php(339): CodeIgniter\CodeIgniter->handleRequest(NULL, Object(Config\Cache), false)
#8 C:\xampp\htdocs\visualisasi-data\public\index.php(36): CodeIgniter\CodeIgniter->run()
#9 C:\xampp\htdocs\visualisasi-data\vendor\codeigniter4\framework\system\Commands\Server\rewrite.php(45): require_once('C:\\xampp\\htdocs...')
#10 {main}
CRITICAL - 2021-05-28 15:06:18 --> Undefined variable: base_url
#0 C:\xampp\htdocs\visualisasi-data\app\Views\template\header.php(10): CodeIgniter\Debug\Exceptions->errorHandler(8, 'Undefined varia...', 'C:\\xampp\\htdocs...', 10, Array)
#1 C:\xampp\htdocs\visualisasi-data\vendor\codeigniter4\framework\system\View\View.php(230): include('C:\\xampp\\htdocs...')
#2 C:\xampp\htdocs\visualisasi-data\vendor\codeigniter4\framework\system\View\View.php(232): CodeIgniter\View\View->CodeIgniter\View\{closure}()
#3 C:\xampp\htdocs\visualisasi-data\vendor\codeigniter4\framework\system\Common.php(1250): CodeIgniter\View\View->render('template/header', Array, true)
#4 C:\xampp\htdocs\visualisasi-data\app\Controllers\Home.php(9): view('template/header')
#5 C:\xampp\htdocs\visualisasi-data\vendor\codeigniter4\framework\system\CodeIgniter.php(931): App\Controllers\Home->index()
#6 C:\xampp\htdocs\visualisasi-data\vendor\codeigniter4\framework\system\CodeIgniter.php(439): CodeIgniter\CodeIgniter->runController(Object(App\Controllers\Home))
#7 C:\xampp\htdocs\visualisasi-data\vendor\codeigniter4\framework\system\CodeIgniter.php(339): CodeIgniter\CodeIgniter->handleRequest(NULL, Object(Config\Cache), false)
#8 C:\xampp\htdocs\visualisasi-data\public\index.php(36): CodeIgniter\CodeIgniter->run()
#9 C:\xampp\htdocs\visualisasi-data\vendor\codeigniter4\framework\system\Commands\Server\rewrite.php(45): require_once('C:\\xampp\\htdocs...')
#10 {main}
CRITICAL - 2021-05-28 15:29:36 --> syntax error, unexpected '=', expecting ']'
#0 C:\xampp\htdocs\visualisasi-data\vendor\codeigniter4\framework\system\Autoloader\Autoloader.php(282): CodeIgniter\Autoloader\Autoloader->includeFile('C:\\xampp\\htdocs...')
#1 C:\xampp\htdocs\visualisasi-data\vendor\codeigniter4\framework\system\Autoloader\Autoloader.php(247): CodeIgniter\Autoloader\Autoloader->loadInNamespace('App\\Controllers...')
#2 [internal function]: CodeIgniter\Autoloader\Autoloader->loadClass('App\\Controllers...')
#3 [internal function]: spl_autoload_call('App\\Controllers...')
#4 C:\xampp\htdocs\visualisasi-data\vendor\codeigniter4\framework\system\CodeIgniter.php(888): class_exists('\\App\\Controller...', true)
#5 C:\xampp\htdocs\visualisasi-data\vendor\codeigniter4\framework\system\CodeIgniter.php(424): CodeIgniter\CodeIgniter->startController()
#6 C:\xampp\htdocs\visualisasi-data\vendor\codeigniter4\framework\system\CodeIgniter.php(339): CodeIgniter\CodeIgniter->handleRequest(NULL, Object(Config\Cache), false)
#7 C:\xampp\htdocs\visualisasi-data\public\index.php(36): CodeIgniter\CodeIgniter->run()
#8 C:\xampp\htdocs\visualisasi-data\vendor\codeigniter4\framework\system\Commands\Server\rewrite.php(45): require_once('C:\\xampp\\htdocs...')
#9 {main}
